[0.406s] DEBUG:colcon:Command line arguments: ['/usr/bin/colcon', 'build']
[0.407s] DEBUG:colcon:Parsed command line arguments: Namespace(log_base=None, log_level=None, verb_name='build', build_base='build', install_base='install', merge_install=False, symlink_install=False, test_result_base=None, continue_on_error=False, executor='parallel', parallel_workers=2, event_handlers=None, ignore_user_meta=False, metas=['./colcon.meta'], base_paths=['.'], packages_ignore=None, packages_ignore_regex=None, paths=None, packages_up_to=None, packages_up_to_regex=None, packages_above=None, packages_above_and_dependencies=None, packages_above_depth=None, packages_select_by_dep=None, packages_skip_by_dep=None, packages_skip_up_to=None, packages_select_build_failed=False, packages_skip_build_finished=False, packages_select_test_failures=False, packages_skip_test_passed=False, packages_select=None, packages_skip=None, packages_select_regex=None, packages_skip_regex=None, packages_start=None, packages_end=None, allow_overriding=[], cmake_args=None, cmake_target=None, cmake_target_skip_unavailable=False, cmake_clean_cache=False, cmake_clean_first=False, cmake_force_configure=False, ament_cmake_args=None, catkin_cmake_args=None, catkin_skip_building_tests=False, verb_parser=<colcon_defaults.argument_parser.defaults.DefaultArgumentsDecorator object at 0x7cc2e1832e90>, verb_extension=<colcon_core.verb.build.BuildVerb object at 0x7cc2e1933a30>, main=<bound method BuildVerb.main of <colcon_core.verb.build.BuildVerb object at 0x7cc2e1933a30>>)
[1.163s] Level 1:colcon.colcon_core.package_discovery:discover_packages(colcon_meta) check parameters
[1.163s] Level 1:colcon.colcon_core.package_discovery:discover_packages(recursive) check parameters
[1.163s] Level 1:colcon.colcon_core.package_discovery:discover_packages(ignore) check parameters
[1.163s] Level 1:colcon.colcon_core.package_discovery:discover_packages(path) check parameters
[1.163s] Level 1:colcon.colcon_core.package_discovery:discover_packages(colcon_meta) discover
[1.163s] Level 1:colcon.colcon_core.package_discovery:discover_packages(recursive) discover
[1.164s] INFO:colcon.colcon_core.package_discovery:Crawling recursively for packages in '/home/hhl/aim2strike'
[1.164s] Level 1:colcon.colcon_core.package_identification:_identify(.) by extensions ['ignore', 'ignore_ament_install']
[1.164s] Level 1:colcon.colcon_core.package_identification:_identify(.) by extension 'ignore'
[1.164s] Level 1:colcon.colcon_core.package_identification:_identify(.) by extension 'ignore_ament_install'
[1.164s] Level 1:colcon.colcon_core.package_identification:_identify(.) by extensions ['colcon_pkg']
[1.164s] Level 1:colcon.colcon_core.package_identification:_identify(.) by extension 'colcon_pkg'
[1.164s] Level 1:colcon.colcon_core.package_identification:_identify(.) by extensions ['colcon_meta']
[1.164s] Level 1:colcon.colcon_core.package_identification:_identify(.) by extension 'colcon_meta'
[1.164s] Level 1:colcon.colcon_core.package_identification:_identify(.) by extensions ['ros']
[1.165s] Level 1:colcon.colcon_core.package_identification:_identify(.) by extension 'ros'
[1.192s] Level 1:colcon.colcon_core.package_identification:_identify(.) by extensions ['cmake', 'python']
[1.192s] Level 1:colcon.colcon_core.package_identification:_identify(.) by extension 'cmake'
[1.192s] Level 1:colcon.colcon_core.package_identification:_identify(.) by extension 'python'
[1.192s] Level 1:colcon.colcon_core.package_identification:_identify(.) by extensions ['python_setup_py']
[1.193s] Level 1:colcon.colcon_core.package_identification:_identify(.) by extension 'python_setup_py'
[1.193s] Level 1:colcon.colcon_core.package_identification:_identify(Python SDK) by extensions ['ignore', 'ignore_ament_install']
[1.193s] Level 1:colcon.colcon_core.package_identification:_identify(Python SDK) by extension 'ignore'
[1.193s] Level 1:colcon.colcon_core.package_identification:_identify(Python SDK) by extension 'ignore_ament_install'
[1.193s] Level 1:colcon.colcon_core.package_identification:_identify(Python SDK) by extensions ['colcon_pkg']
[1.193s] Level 1:colcon.colcon_core.package_identification:_identify(Python SDK) by extension 'colcon_pkg'
[1.193s] Level 1:colcon.colcon_core.package_identification:_identify(Python SDK) by extensions ['colcon_meta']
[1.193s] Level 1:colcon.colcon_core.package_identification:_identify(Python SDK) by extension 'colcon_meta'
[1.193s] Level 1:colcon.colcon_core.package_identification:_identify(Python SDK) by extensions ['ros']
[1.193s] Level 1:colcon.colcon_core.package_identification:_identify(Python SDK) by extension 'ros'
[1.193s] Level 1:colcon.colcon_core.package_identification:_identify(Python SDK) by extensions ['cmake', 'python']
[1.193s] Level 1:colcon.colcon_core.package_identification:_identify(Python SDK) by extension 'cmake'
[1.194s] Level 1:colcon.colcon_core.package_identification:_identify(Python SDK) by extension 'python'
[1.194s] Level 1:colcon.colcon_core.package_identification:_identify(Python SDK) by extensions ['python_setup_py']
[1.194s] Level 1:colcon.colcon_core.package_identification:_identify(Python SDK) by extension 'python_setup_py'
[1.194s] Level 1:colcon.colcon_core.package_identification:_identify(Python SDK/Python SDK) by extensions ['ignore', 'ignore_ament_install']
[1.194s] Level 1:colcon.colcon_core.package_identification:_identify(Python SDK/Python SDK) by extension 'ignore'
[1.194s] Level 1:colcon.colcon_core.package_identification:_identify(Python SDK/Python SDK) by extension 'ignore_ament_install'
[1.194s] Level 1:colcon.colcon_core.package_identification:_identify(Python SDK/Python SDK) by extensions ['colcon_pkg']
[1.194s] Level 1:colcon.colcon_core.package_identification:_identify(Python SDK/Python SDK) by extension 'colcon_pkg'
[1.194s] Level 1:colcon.colcon_core.package_identification:_identify(Python SDK/Python SDK) by extensions ['colcon_meta']
[1.194s] Level 1:colcon.colcon_core.package_identification:_identify(Python SDK/Python SDK) by extension 'colcon_meta'
[1.194s] Level 1:colcon.colcon_core.package_identification:_identify(Python SDK/Python SDK) by extensions ['ros']
[1.194s] Level 1:colcon.colcon_core.package_identification:_identify(Python SDK/Python SDK) by extension 'ros'
[1.195s] Level 1:colcon.colcon_core.package_identification:_identify(Python SDK/Python SDK) by extensions ['cmake', 'python']
[1.195s] Level 1:colcon.colcon_core.package_identification:_identify(Python SDK/Python SDK) by extension 'cmake'
[1.195s] Level 1:colcon.colcon_core.package_identification:_identify(Python SDK/Python SDK) by extension 'python'
[1.195s] Level 1:colcon.colcon_core.package_identification:_identify(Python SDK/Python SDK) by extensions ['python_setup_py']
[1.195s] Level 1:colcon.colcon_core.package_identification:_identify(Python SDK/Python SDK) by extension 'python_setup_py'
[1.195s] Level 1:colcon.colcon_core.package_identification:_identify(Python SDK/Python SDK/src) by extensions ['ignore', 'ignore_ament_install']
[1.195s] Level 1:colcon.colcon_core.package_identification:_identify(Python SDK/Python SDK/src) by extension 'ignore'
[1.195s] Level 1:colcon.colcon_core.package_identification:_identify(Python SDK/Python SDK/src) by extension 'ignore_ament_install'
[1.195s] Level 1:colcon.colcon_core.package_identification:_identify(Python SDK/Python SDK/src) by extensions ['colcon_pkg']
[1.195s] Level 1:colcon.colcon_core.package_identification:_identify(Python SDK/Python SDK/src) by extension 'colcon_pkg'
[1.195s] Level 1:colcon.colcon_core.package_identification:_identify(Python SDK/Python SDK/src) by extensions ['colcon_meta']
[1.195s] Level 1:colcon.colcon_core.package_identification:_identify(Python SDK/Python SDK/src) by extension 'colcon_meta'
[1.196s] Level 1:colcon.colcon_core.package_identification:_identify(Python SDK/Python SDK/src) by extensions ['ros']
[1.196s] Level 1:colcon.colcon_core.package_identification:_identify(Python SDK/Python SDK/src) by extension 'ros'
[1.196s] Level 1:colcon.colcon_core.package_identification:_identify(Python SDK/Python SDK/src) by extensions ['cmake', 'python']
[1.196s] Level 1:colcon.colcon_core.package_identification:_identify(Python SDK/Python SDK/src) by extension 'cmake'
[1.196s] Level 1:colcon.colcon_core.package_identification:_identify(Python SDK/Python SDK/src) by extension 'python'
[1.196s] Level 1:colcon.colcon_core.package_identification:_identify(Python SDK/Python SDK/src) by extensions ['python_setup_py']
[1.196s] Level 1:colcon.colcon_core.package_identification:_identify(Python SDK/Python SDK/src) by extension 'python_setup_py'
[1.196s] Level 1:colcon.colcon_core.package_identification:_identify(Python SDK/Python SDK/src/__pycache__) by extensions ['ignore', 'ignore_ament_install']
[1.196s] Level 1:colcon.colcon_core.package_identification:_identify(Python SDK/Python SDK/src/__pycache__) by extension 'ignore'
[1.196s] Level 1:colcon.colcon_core.package_identification:_identify(Python SDK/Python SDK/src/__pycache__) by extension 'ignore_ament_install'
[1.196s] Level 1:colcon.colcon_core.package_identification:_identify(Python SDK/Python SDK/src/__pycache__) by extensions ['colcon_pkg']
[1.196s] Level 1:colcon.colcon_core.package_identification:_identify(Python SDK/Python SDK/src/__pycache__) by extension 'colcon_pkg'
[1.196s] Level 1:colcon.colcon_core.package_identification:_identify(Python SDK/Python SDK/src/__pycache__) by extensions ['colcon_meta']
[1.196s] Level 1:colcon.colcon_core.package_identification:_identify(Python SDK/Python SDK/src/__pycache__) by extension 'colcon_meta'
[1.197s] Level 1:colcon.colcon_core.package_identification:_identify(Python SDK/Python SDK/src/__pycache__) by extensions ['ros']
[1.197s] Level 1:colcon.colcon_core.package_identification:_identify(Python SDK/Python SDK/src/__pycache__) by extension 'ros'
[1.197s] Level 1:colcon.colcon_core.package_identification:_identify(Python SDK/Python SDK/src/__pycache__) by extensions ['cmake', 'python']
[1.197s] Level 1:colcon.colcon_core.package_identification:_identify(Python SDK/Python SDK/src/__pycache__) by extension 'cmake'
[1.197s] Level 1:colcon.colcon_core.package_identification:_identify(Python SDK/Python SDK/src/__pycache__) by extension 'python'
[1.197s] Level 1:colcon.colcon_core.package_identification:_identify(Python SDK/Python SDK/src/__pycache__) by extensions ['python_setup_py']
[1.197s] Level 1:colcon.colcon_core.package_identification:_identify(Python SDK/Python SDK/src/__pycache__) by extension 'python_setup_py'
[1.197s] Level 1:colcon.colcon_core.package_identification:_identify(build) by extensions ['ignore', 'ignore_ament_install']
[1.197s] Level 1:colcon.colcon_core.package_identification:_identify(build) by extension 'ignore'
[1.197s] Level 1:colcon.colcon_core.package_identification:_identify(build) ignored
[1.198s] Level 1:colcon.colcon_core.package_identification:_identify(install) by extensions ['ignore', 'ignore_ament_install']
[1.198s] Level 1:colcon.colcon_core.package_identification:_identify(install) by extension 'ignore'
[1.198s] Level 1:colcon.colcon_core.package_identification:_identify(install) ignored
[1.198s] Level 1:colcon.colcon_core.package_identification:_identify(log) by extensions ['ignore', 'ignore_ament_install']
[1.198s] Level 1:colcon.colcon_core.package_identification:_identify(log) by extension 'ignore'
[1.198s] Level 1:colcon.colcon_core.package_identification:_identify(log) ignored
[1.198s] Level 1:colcon.colcon_core.package_identification:_identify(src) by extensions ['ignore', 'ignore_ament_install']
[1.198s] Level 1:colcon.colcon_core.package_identification:_identify(src) by extension 'ignore'
[1.199s] Level 1:colcon.colcon_core.package_identification:_identify(src) by extension 'ignore_ament_install'
[1.199s] Level 1:colcon.colcon_core.package_identification:_identify(src) by extensions ['colcon_pkg']
[1.199s] Level 1:colcon.colcon_core.package_identification:_identify(src) by extension 'colcon_pkg'
[1.199s] Level 1:colcon.colcon_core.package_identification:_identify(src) by extensions ['colcon_meta']
[1.199s] Level 1:colcon.colcon_core.package_identification:_identify(src) by extension 'colcon_meta'
[1.199s] Level 1:colcon.colcon_core.package_identification:_identify(src) by extensions ['ros']
[1.199s] Level 1:colcon.colcon_core.package_identification:_identify(src) by extension 'ros'
[1.199s] Level 1:colcon.colcon_core.package_identification:_identify(src) by extensions ['cmake', 'python']
[1.199s] Level 1:colcon.colcon_core.package_identification:_identify(src) by extension 'cmake'
[1.199s] Level 1:colcon.colcon_core.package_identification:_identify(src) by extension 'python'
[1.200s] Level 1:colcon.colcon_core.package_identification:_identify(src) by extensions ['python_setup_py']
[1.200s] Level 1:colcon.colcon_core.package_identification:_identify(src) by extension 'python_setup_py'
[1.200s] Level 1:colcon.colcon_core.package_identification:_identify(src/aim2strike) by extensions ['ignore', 'ignore_ament_install']
[1.200s] Level 1:colcon.colcon_core.package_identification:_identify(src/aim2strike) by extension 'ignore'
[1.200s] Level 1:colcon.colcon_core.package_identification:_identify(src/aim2strike) by extension 'ignore_ament_install'
[1.200s] Level 1:colcon.colcon_core.package_identification:_identify(src/aim2strike) by extensions ['colcon_pkg']
[1.200s] Level 1:colcon.colcon_core.package_identification:_identify(src/aim2strike) by extension 'colcon_pkg'
[1.201s] Level 1:colcon.colcon_core.package_identification:_identify(src/aim2strike) by extensions ['colcon_meta']
[1.201s] Level 1:colcon.colcon_core.package_identification:_identify(src/aim2strike) by extension 'colcon_meta'
[1.201s] Level 1:colcon.colcon_core.package_identification:_identify(src/aim2strike) by extensions ['ros']
[1.201s] Level 1:colcon.colcon_core.package_identification:_identify(src/aim2strike) by extension 'ros'
[1.209s] DEBUG:colcon.colcon_core.package_identification:Package 'src/aim2strike' with type 'ros.ament_python' and name 'aim2strike'
[1.209s] Level 1:colcon.colcon_core.package_discovery:discover_packages(recursive) using defaults
[1.209s] Level 1:colcon.colcon_core.package_discovery:discover_packages(ignore) discover
[1.209s] Level 1:colcon.colcon_core.package_discovery:discover_packages(ignore) using defaults
[1.209s] Level 1:colcon.colcon_core.package_discovery:discover_packages(path) discover
[1.209s] Level 1:colcon.colcon_core.package_discovery:discover_packages(path) using defaults
[1.267s] Level 1:colcon.colcon_core.package_discovery:discover_packages(prefix_path) check parameters
[1.267s] Level 1:colcon.colcon_core.package_discovery:discover_packages(prefix_path) discover
[1.274s] DEBUG:colcon.colcon_installed_package_information.package_discovery:Found 1 installed packages in /home/hhl/aim2strike/install
[1.277s] DEBUG:colcon.colcon_installed_package_information.package_discovery:Found 280 installed packages in /opt/ros/humble
[1.294s] Level 1:colcon.colcon_core.package_discovery:discover_packages(prefix_path) using defaults
[1.367s] Level 5:colcon.colcon_core.verb:set package 'aim2strike' build argument 'cmake_args' from command line to 'None'
[1.368s] Level 5:colcon.colcon_core.verb:set package 'aim2strike' build argument 'cmake_target' from command line to 'None'
[1.368s] Level 5:colcon.colcon_core.verb:set package 'aim2strike' build argument 'cmake_target_skip_unavailable' from command line to 'False'
[1.368s] Level 5:colcon.colcon_core.verb:set package 'aim2strike' build argument 'cmake_clean_cache' from command line to 'False'
[1.368s] Level 5:colcon.colcon_core.verb:set package 'aim2strike' build argument 'cmake_clean_first' from command line to 'False'
[1.368s] Level 5:colcon.colcon_core.verb:set package 'aim2strike' build argument 'cmake_force_configure' from command line to 'False'
[1.368s] Level 5:colcon.colcon_core.verb:set package 'aim2strike' build argument 'ament_cmake_args' from command line to 'None'
[1.368s] Level 5:colcon.colcon_core.verb:set package 'aim2strike' build argument 'catkin_cmake_args' from command line to 'None'
[1.368s] Level 5:colcon.colcon_core.verb:set package 'aim2strike' build argument 'catkin_skip_building_tests' from command line to 'False'
[1.368s] DEBUG:colcon.colcon_core.verb:Building package 'aim2strike' with the following arguments: {'ament_cmake_args': None, 'build_base': '/home/hhl/aim2strike/build/aim2strike', 'catkin_cmake_args': None, 'catkin_skip_building_tests': False, 'cmake_args': None, 'cmake_clean_cache': False, 'cmake_clean_first': False, 'cmake_force_configure': False, 'cmake_target': None, 'cmake_target_skip_unavailable': False, 'install_base': '/home/hhl/aim2strike/install/aim2strike', 'merge_install': False, 'path': '/home/hhl/aim2strike/src/aim2strike', 'symlink_install': False, 'test_result_base': None}
[1.369s] INFO:colcon.colcon_core.executor:Executing jobs using 'parallel' executor
[1.372s] DEBUG:colcon.colcon_parallel_executor.executor.parallel:run_until_complete
[1.372s] INFO:colcon.colcon_ros.task.ament_python.build:Building ROS package in '/home/hhl/aim2strike/src/aim2strike' with build type 'ament_python'
[1.373s] Level 1:colcon.colcon_core.shell:create_environment_hook('aim2strike', 'ament_prefix_path')
[1.393s] INFO:colcon.colcon_core.plugin_system:Skipping extension 'colcon_core.shell.bat': Not used on non-Windows systems
[1.394s] INFO:colcon.colcon_core.shell:Creating environment hook '/home/hhl/aim2strike/install/aim2strike/share/aim2strike/hook/ament_prefix_path.ps1'
[1.397s] INFO:colcon.colcon_core.shell:Creating environment descriptor '/home/hhl/aim2strike/install/aim2strike/share/aim2strike/hook/ament_prefix_path.dsv'
[1.400s] INFO:colcon.colcon_core.shell:Creating environment hook '/home/hhl/aim2strike/install/aim2strike/share/aim2strike/hook/ament_prefix_path.sh'
[1.405s] INFO:colcon.colcon_core.shell:Skip shell extension 'powershell' for command environment: Not usable outside of PowerShell
[1.405s] DEBUG:colcon.colcon_core.shell:Skip shell extension 'dsv' for command environment
[1.903s] INFO:colcon.colcon_core.task.python.build:Building Python package in '/home/hhl/aim2strike/src/aim2strike'
[1.904s] INFO:colcon.colcon_core.shell:Skip shell extension 'powershell' for command environment: Not usable outside of PowerShell
[1.904s] DEBUG:colcon.colcon_core.shell:Skip shell extension 'dsv' for command environment
[2.702s] DEBUG:colcon.colcon_core.event_handler.log_command:Invoking command in '/home/hhl/aim2strike/src/aim2strike': PYTHONPATH=/home/hhl/aim2strike/build/aim2strike/prefix_override:/usr/lib/python3/dist-packages/colcon_core/task/python/colcon_distutils_commands:/home/hhl/aim2strike/install/aim2strike/lib/python3.10/site-packages:${PYTHONPATH} /usr/bin/python3 -W ignore:setup.py install is deprecated setup.py egg_info --egg-base ../../build/aim2strike build --build-base /home/hhl/aim2strike/build/aim2strike/build install --record /home/hhl/aim2strike/build/aim2strike/install.log --single-version-externally-managed install_data
[3.325s] DEBUG:colcon.colcon_core.event_handler.log_command:Invoked command in '/home/hhl/aim2strike/src/aim2strike' returned '0': PYTHONPATH=/home/hhl/aim2strike/build/aim2strike/prefix_override:/usr/lib/python3/dist-packages/colcon_core/task/python/colcon_distutils_commands:/home/hhl/aim2strike/install/aim2strike/lib/python3.10/site-packages:${PYTHONPATH} /usr/bin/python3 -W ignore:setup.py install is deprecated setup.py egg_info --egg-base ../../build/aim2strike build --build-base /home/hhl/aim2strike/build/aim2strike/build install --record /home/hhl/aim2strike/build/aim2strike/install.log --single-version-externally-managed install_data
[3.346s] Level 1:colcon.colcon_core.environment:checking '/home/hhl/aim2strike/install/aim2strike' for CMake module files
[3.347s] Level 1:colcon.colcon_core.environment:checking '/home/hhl/aim2strike/install/aim2strike' for CMake config files
[3.348s] Level 1:colcon.colcon_core.environment:checking '/home/hhl/aim2strike/install/aim2strike/lib'
[3.349s] Level 1:colcon.colcon_core.environment:checking '/home/hhl/aim2strike/install/aim2strike/bin'
[3.349s] Level 1:colcon.colcon_core.environment:checking '/home/hhl/aim2strike/install/aim2strike/lib/pkgconfig/aim2strike.pc'
[3.350s] Level 1:colcon.colcon_core.environment:checking '/home/hhl/aim2strike/install/aim2strike/lib/python3.10/site-packages'
[3.350s] Level 1:colcon.colcon_core.shell:create_environment_hook('aim2strike', 'pythonpath')
[3.351s] INFO:colcon.colcon_core.shell:Creating environment hook '/home/hhl/aim2strike/install/aim2strike/share/aim2strike/hook/pythonpath.ps1'
[3.352s] INFO:colcon.colcon_core.shell:Creating environment descriptor '/home/hhl/aim2strike/install/aim2strike/share/aim2strike/hook/pythonpath.dsv'
[3.354s] INFO:colcon.colcon_core.shell:Creating environment hook '/home/hhl/aim2strike/install/aim2strike/share/aim2strike/hook/pythonpath.sh'
[3.355s] Level 1:colcon.colcon_core.environment:checking '/home/hhl/aim2strike/install/aim2strike/bin'
[3.355s] Level 1:colcon.colcon_core.environment:create_environment_scripts_only(aim2strike)
[3.356s] INFO:colcon.colcon_core.shell:Creating package script '/home/hhl/aim2strike/install/aim2strike/share/aim2strike/package.ps1'
[3.359s] INFO:colcon.colcon_core.shell:Creating package descriptor '/home/hhl/aim2strike/install/aim2strike/share/aim2strike/package.dsv'
[3.361s] INFO:colcon.colcon_core.shell:Creating package script '/home/hhl/aim2strike/install/aim2strike/share/aim2strike/package.sh'
[3.363s] INFO:colcon.colcon_core.shell:Creating package script '/home/hhl/aim2strike/install/aim2strike/share/aim2strike/package.bash'
[3.367s] INFO:colcon.colcon_core.shell:Creating package script '/home/hhl/aim2strike/install/aim2strike/share/aim2strike/package.zsh'
[3.369s] Level 1:colcon.colcon_core.environment:create_file_with_runtime_dependencies(/home/hhl/aim2strike/install/aim2strike/share/colcon-core/packages/aim2strike)
[3.370s] DEBUG:colcon.colcon_parallel_executor.executor.parallel:closing loop
[3.372s] DEBUG:colcon.colcon_parallel_executor.executor.parallel:loop closed
[3.373s] DEBUG:colcon.colcon_parallel_executor.executor.parallel:run_until_complete finished with '0'
[3.373s] DEBUG:colcon.colcon_core.event_reactor:joining thread
[3.399s] INFO:colcon.colcon_core.plugin_system:Skipping extension 'colcon_notification.desktop_notification.terminal_notifier': Not used on non-Darwin systems
[3.399s] INFO:colcon.colcon_core.plugin_system:Skipping extension 'colcon_notification.desktop_notification.win32': Not used on non-Windows systems
[3.399s] INFO:colcon.colcon_notification.desktop_notification:Sending desktop notification using 'notify2'
[3.450s] DEBUG:colcon.colcon_core.event_reactor:joined thread
[3.452s] INFO:colcon.colcon_core.shell:Creating prefix script '/home/hhl/aim2strike/install/local_setup.ps1'
[3.455s] INFO:colcon.colcon_core.shell:Creating prefix util module '/home/hhl/aim2strike/install/_local_setup_util_ps1.py'
[3.460s] INFO:colcon.colcon_core.shell:Creating prefix chain script '/home/hhl/aim2strike/install/setup.ps1'
[3.464s] INFO:colcon.colcon_core.shell:Creating prefix script '/home/hhl/aim2strike/install/local_setup.sh'
[3.466s] INFO:colcon.colcon_core.shell:Creating prefix util module '/home/hhl/aim2strike/install/_local_setup_util_sh.py'
[3.469s] INFO:colcon.colcon_core.shell:Creating prefix chain script '/home/hhl/aim2strike/install/setup.sh'
[3.473s] INFO:colcon.colcon_core.shell:Creating prefix script '/home/hhl/aim2strike/install/local_setup.bash'
[3.475s] INFO:colcon.colcon_core.shell:Creating prefix chain script '/home/hhl/aim2strike/install/setup.bash'
[3.479s] INFO:colcon.colcon_core.shell:Creating prefix script '/home/hhl/aim2strike/install/local_setup.zsh'
[3.481s] INFO:colcon.colcon_core.shell:Creating prefix chain script '/home/hhl/aim2strike/install/setup.zsh'
