/home/robotech/aim2strike/install/aim2strike/lib/python3.10/site-packages/aim2strike/detect_node.py
/home/robotech/aim2strike/install/aim2strike/lib/python3.10/site-packages/aim2strike/camera_node.py
/home/robotech/aim2strike/install/aim2strike/lib/python3.10/site-packages/aim2strike/aim_node.py
/home/robotech/aim2strike/install/aim2strike/lib/python3.10/site-packages/aim2strike/test.py
/home/robotech/aim2strike/install/aim2strike/lib/python3.10/site-packages/aim2strike/__init__.py
/home/robotech/aim2strike/install/aim2strike/lib/python3.10/site-packages/aim2strike/MvImport/PixelType_header.py
/home/robotech/aim2strike/install/aim2strike/lib/python3.10/site-packages/aim2strike/MvImport/MvErrorDefine_const.py
/home/robotech/aim2strike/install/aim2strike/lib/python3.10/site-packages/aim2strike/MvImport/CameraParams_header.py
/home/robotech/aim2strike/install/aim2strike/lib/python3.10/site-packages/aim2strike/MvImport/PixelType_const.py
/home/robotech/aim2strike/install/aim2strike/lib/python3.10/site-packages/aim2strike/MvImport/CameraParams_const.py
/home/robotech/aim2strike/install/aim2strike/lib/python3.10/site-packages/aim2strike/MvImport/__init__.py
/home/robotech/aim2strike/install/aim2strike/lib/python3.10/site-packages/aim2strike/MvImport/MvCameraControl_class.py
/home/robotech/aim2strike/install/aim2strike/lib/python3.10/site-packages/aim2strike/include/gimbal_servo_lib.py
/home/robotech/aim2strike/install/aim2strike/lib/python3.10/site-packages/aim2strike/include/uart_servo.py
/home/robotech/aim2strike/install/aim2strike/lib/python3.10/site-packages/aim2strike/include/packet.py
/home/robotech/aim2strike/install/aim2strike/lib/python3.10/site-packages/aim2strike/include/hikvision_capture.py
/home/robotech/aim2strike/install/aim2strike/lib/python3.10/site-packages/aim2strike/include/packet_buffer.py
/home/robotech/aim2strike/install/aim2strike/lib/python3.10/site-packages/aim2strike/include/__init__.py
/home/robotech/aim2strike/install/aim2strike/lib/python3.10/site-packages/aim2strike/include/data_table.py
/home/robotech/aim2strike/install/aim2strike/lib/python3.10/site-packages/aim2strike/__pycache__/detect_node.cpython-310.pyc
/home/robotech/aim2strike/install/aim2strike/lib/python3.10/site-packages/aim2strike/__pycache__/camera_node.cpython-310.pyc
/home/robotech/aim2strike/install/aim2strike/lib/python3.10/site-packages/aim2strike/__pycache__/aim_node.cpython-310.pyc
/home/robotech/aim2strike/install/aim2strike/lib/python3.10/site-packages/aim2strike/__pycache__/test.cpython-310.pyc
/home/robotech/aim2strike/install/aim2strike/lib/python3.10/site-packages/aim2strike/__pycache__/__init__.cpython-310.pyc
/home/robotech/aim2strike/install/aim2strike/lib/python3.10/site-packages/aim2strike/MvImport/__pycache__/PixelType_header.cpython-310.pyc
/home/robotech/aim2strike/install/aim2strike/lib/python3.10/site-packages/aim2strike/MvImport/__pycache__/MvErrorDefine_const.cpython-310.pyc
/home/robotech/aim2strike/install/aim2strike/lib/python3.10/site-packages/aim2strike/MvImport/__pycache__/CameraParams_header.cpython-310.pyc
/home/robotech/aim2strike/install/aim2strike/lib/python3.10/site-packages/aim2strike/MvImport/__pycache__/PixelType_const.cpython-310.pyc
/home/robotech/aim2strike/install/aim2strike/lib/python3.10/site-packages/aim2strike/MvImport/__pycache__/CameraParams_const.cpython-310.pyc
/home/robotech/aim2strike/install/aim2strike/lib/python3.10/site-packages/aim2strike/MvImport/__pycache__/__init__.cpython-310.pyc
/home/robotech/aim2strike/install/aim2strike/lib/python3.10/site-packages/aim2strike/MvImport/__pycache__/MvCameraControl_class.cpython-310.pyc
/home/robotech/aim2strike/install/aim2strike/lib/python3.10/site-packages/aim2strike/include/__pycache__/gimbal_servo_lib.cpython-310.pyc
/home/robotech/aim2strike/install/aim2strike/lib/python3.10/site-packages/aim2strike/include/__pycache__/uart_servo.cpython-310.pyc
/home/robotech/aim2strike/install/aim2strike/lib/python3.10/site-packages/aim2strike/include/__pycache__/packet.cpython-310.pyc
/home/robotech/aim2strike/install/aim2strike/lib/python3.10/site-packages/aim2strike/include/__pycache__/hikvision_capture.cpython-310.pyc
/home/robotech/aim2strike/install/aim2strike/lib/python3.10/site-packages/aim2strike/include/__pycache__/packet_buffer.cpython-310.pyc
/home/robotech/aim2strike/install/aim2strike/lib/python3.10/site-packages/aim2strike/include/__pycache__/__init__.cpython-310.pyc
/home/robotech/aim2strike/install/aim2strike/lib/python3.10/site-packages/aim2strike/include/__pycache__/data_table.cpython-310.pyc
/home/robotech/aim2strike/install/aim2strike/share/ament_index/resource_index/packages/aim2strike
/home/robotech/aim2strike/install/aim2strike/share/aim2strike/package.xml
/home/robotech/aim2strike/install/aim2strike/share/aim2strike/config/camera_node.yaml
/home/robotech/aim2strike/install/aim2strike/lib/python3.10/site-packages/aim2strike-0.0.1-py3.10.egg-info/SOURCES.txt
/home/robotech/aim2strike/install/aim2strike/lib/python3.10/site-packages/aim2strike-0.0.1-py3.10.egg-info/dependency_links.txt
/home/robotech/aim2strike/install/aim2strike/lib/python3.10/site-packages/aim2strike-0.0.1-py3.10.egg-info/top_level.txt
/home/robotech/aim2strike/install/aim2strike/lib/python3.10/site-packages/aim2strike-0.0.1-py3.10.egg-info/PKG-INFO
/home/robotech/aim2strike/install/aim2strike/lib/python3.10/site-packages/aim2strike-0.0.1-py3.10.egg-info/entry_points.txt
/home/robotech/aim2strike/install/aim2strike/lib/python3.10/site-packages/aim2strike-0.0.1-py3.10.egg-info/requires.txt
/home/robotech/aim2strike/install/aim2strike/lib/python3.10/site-packages/aim2strike-0.0.1-py3.10.egg-info/zip-safe
/home/robotech/aim2strike/install/aim2strike/lib/aim2strike/aim_node
/home/robotech/aim2strike/install/aim2strike/lib/aim2strike/camera_node
/home/robotech/aim2strike/install/aim2strike/lib/aim2strike/detect_node
/home/robotech/aim2strike/install/aim2strike/lib/aim2strike/test
/home/robotech/aim2strike/install/aim2strike/lib/aim2strike/uart_servo
