[1.292s] Invoking command in '/home/hhl/aim2strike/src/aim2strike': PYTHONPATH=/home/hhl/aim2strike/build/aim2strike/prefix_override:/usr/lib/python3/dist-packages/colcon_core/task/python/colcon_distutils_commands:/home/hhl/aim2strike/install/aim2strike/lib/python3.10/site-packages:${PYTHONPATH} /usr/bin/python3 -W ignore:setup.py install is deprecated setup.py egg_info --egg-base ../../build/aim2strike build --build-base /home/hhl/aim2strike/build/aim2strike/build install --record /home/hhl/aim2strike/build/aim2strike/install.log --single-version-externally-managed install_data
[1.832s] running egg_info
[1.833s] writing ../../build/aim2strike/aim2strike.egg-info/PKG-INFO
[1.834s] writing dependency_links to ../../build/aim2strike/aim2strike.egg-info/dependency_links.txt
[1.837s] writing entry points to ../../build/aim2strike/aim2strike.egg-info/entry_points.txt
[1.837s] writing requirements to ../../build/aim2strike/aim2strike.egg-info/requires.txt
[1.838s] writing top-level names to ../../build/aim2strike/aim2strike.egg-info/top_level.txt
[1.842s] reading manifest file '../../build/aim2strike/aim2strike.egg-info/SOURCES.txt'
[1.843s] adding license file 'LICENSE'
[1.846s] writing manifest file '../../build/aim2strike/aim2strike.egg-info/SOURCES.txt'
[1.848s] running build
[1.848s] running build_py
[1.849s] copying aim2strike/include/packet_buffer.py -> /home/hhl/aim2strike/build/aim2strike/build/lib/aim2strike/include
[1.849s] copying aim2strike/include/uart_servo.py -> /home/hhl/aim2strike/build/aim2strike/build/lib/aim2strike/include
[1.852s] running install
[1.855s] running install_lib
[1.855s] copying /home/hhl/aim2strike/build/aim2strike/build/lib/aim2strike/include/packet_buffer.py -> /home/hhl/aim2strike/install/aim2strike/lib/python3.10/site-packages/aim2strike/include
[1.855s] copying /home/hhl/aim2strike/build/aim2strike/build/lib/aim2strike/include/uart_servo.py -> /home/hhl/aim2strike/install/aim2strike/lib/python3.10/site-packages/aim2strike/include
[1.855s] byte-compiling /home/hhl/aim2strike/install/aim2strike/lib/python3.10/site-packages/aim2strike/include/packet_buffer.py to packet_buffer.cpython-310.pyc
[1.855s] byte-compiling /home/hhl/aim2strike/install/aim2strike/lib/python3.10/site-packages/aim2strike/include/uart_servo.py to uart_servo.cpython-310.pyc
[1.864s] running install_data
[1.865s] running install_egg_info
[1.870s] removing '/home/hhl/aim2strike/install/aim2strike/lib/python3.10/site-packages/aim2strike-0.0.1-py3.10.egg-info' (and everything under it)
[1.871s] Copying ../../build/aim2strike/aim2strike.egg-info to /home/hhl/aim2strike/install/aim2strike/lib/python3.10/site-packages/aim2strike-0.0.1-py3.10.egg-info
[1.875s] running install_scripts
[1.914s] Installing aim_node script to /home/hhl/aim2strike/install/aim2strike/lib/aim2strike
[1.916s] Installing camera_node script to /home/hhl/aim2strike/install/aim2strike/lib/aim2strike
[1.917s] Installing detect_node script to /home/hhl/aim2strike/install/aim2strike/lib/aim2strike
[1.917s] Installing uart_servo script to /home/hhl/aim2strike/install/aim2strike/lib/aim2strike
[1.919s] writing list of installed files to '/home/hhl/aim2strike/build/aim2strike/install.log'
[1.970s] Invoked command in '/home/hhl/aim2strike/src/aim2strike' returned '0': PYTHONPATH=/home/hhl/aim2strike/build/aim2strike/prefix_override:/usr/lib/python3/dist-packages/colcon_core/task/python/colcon_distutils_commands:/home/hhl/aim2strike/install/aim2strike/lib/python3.10/site-packages:${PYTHONPATH} /usr/bin/python3 -W ignore:setup.py install is deprecated setup.py egg_info --egg-base ../../build/aim2strike build --build-base /home/hhl/aim2strike/build/aim2strike/build install --record /home/hhl/aim2strike/build/aim2strike/install.log --single-version-externally-managed install_data
