running egg_info
writing ../../build/aim2strike/aim2strike.egg-info/PKG-INFO
writing dependency_links to ../../build/aim2strike/aim2strike.egg-info/dependency_links.txt
writing entry points to ../../build/aim2strike/aim2strike.egg-info/entry_points.txt
writing requirements to ../../build/aim2strike/aim2strike.egg-info/requires.txt
writing top-level names to ../../build/aim2strike/aim2strike.egg-info/top_level.txt
reading manifest file '../../build/aim2strike/aim2strike.egg-info/SOURCES.txt'
adding license file 'LICENSE'
writing manifest file '../../build/aim2strike/aim2strike.egg-info/SOURCES.txt'
running build
running build_py
creating /home/robotech/aim2strike/build/aim2strike/build/lib/aim2strike/MvImport
copying aim2strike/MvImport/PixelType_header.py -> /home/robotech/aim2strike/build/aim2strike/build/lib/aim2strike/MvImport
copying aim2strike/MvImport/MvErrorDefine_const.py -> /home/robotech/aim2strike/build/aim2strike/build/lib/aim2strike/MvImport
copying aim2strike/MvImport/CameraParams_header.py -> /home/robotech/aim2strike/build/aim2strike/build/lib/aim2strike/MvImport
copying aim2strike/MvImport/PixelType_const.py -> /home/robotech/aim2strike/build/aim2strike/build/lib/aim2strike/MvImport
copying aim2strike/MvImport/CameraParams_const.py -> /home/robotech/aim2strike/build/aim2strike/build/lib/aim2strike/MvImport
copying aim2strike/MvImport/__init__.py -> /home/robotech/aim2strike/build/aim2strike/build/lib/aim2strike/MvImport
copying aim2strike/MvImport/MvCameraControl_class.py -> /home/robotech/aim2strike/build/aim2strike/build/lib/aim2strike/MvImport
copying aim2strike/include/hikvision_capture.py -> /home/robotech/aim2strike/build/aim2strike/build/lib/aim2strike/include
running install
running install_lib
creating /home/robotech/aim2strike/install/aim2strike/lib/python3.10/site-packages/aim2strike/MvImport
copying /home/robotech/aim2strike/build/aim2strike/build/lib/aim2strike/MvImport/PixelType_header.py -> /home/robotech/aim2strike/install/aim2strike/lib/python3.10/site-packages/aim2strike/MvImport
copying /home/robotech/aim2strike/build/aim2strike/build/lib/aim2strike/MvImport/MvErrorDefine_const.py -> /home/robotech/aim2strike/install/aim2strike/lib/python3.10/site-packages/aim2strike/MvImport
copying /home/robotech/aim2strike/build/aim2strike/build/lib/aim2strike/MvImport/CameraParams_header.py -> /home/robotech/aim2strike/install/aim2strike/lib/python3.10/site-packages/aim2strike/MvImport
copying /home/robotech/aim2strike/build/aim2strike/build/lib/aim2strike/MvImport/PixelType_const.py -> /home/robotech/aim2strike/install/aim2strike/lib/python3.10/site-packages/aim2strike/MvImport
copying /home/robotech/aim2strike/build/aim2strike/build/lib/aim2strike/MvImport/CameraParams_const.py -> /home/robotech/aim2strike/install/aim2strike/lib/python3.10/site-packages/aim2strike/MvImport
copying /home/robotech/aim2strike/build/aim2strike/build/lib/aim2strike/MvImport/__init__.py -> /home/robotech/aim2strike/install/aim2strike/lib/python3.10/site-packages/aim2strike/MvImport
copying /home/robotech/aim2strike/build/aim2strike/build/lib/aim2strike/MvImport/MvCameraControl_class.py -> /home/robotech/aim2strike/install/aim2strike/lib/python3.10/site-packages/aim2strike/MvImport
copying /home/robotech/aim2strike/build/aim2strike/build/lib/aim2strike/include/hikvision_capture.py -> /home/robotech/aim2strike/install/aim2strike/lib/python3.10/site-packages/aim2strike/include
byte-compiling /home/robotech/aim2strike/install/aim2strike/lib/python3.10/site-packages/aim2strike/MvImport/PixelType_header.py to PixelType_header.cpython-310.pyc
byte-compiling /home/robotech/aim2strike/install/aim2strike/lib/python3.10/site-packages/aim2strike/MvImport/MvErrorDefine_const.py to MvErrorDefine_const.cpython-310.pyc
byte-compiling /home/robotech/aim2strike/install/aim2strike/lib/python3.10/site-packages/aim2strike/MvImport/CameraParams_header.py to CameraParams_header.cpython-310.pyc
byte-compiling /home/robotech/aim2strike/install/aim2strike/lib/python3.10/site-packages/aim2strike/MvImport/PixelType_const.py to PixelType_const.cpython-310.pyc
byte-compiling /home/robotech/aim2strike/install/aim2strike/lib/python3.10/site-packages/aim2strike/MvImport/CameraParams_const.py to CameraParams_const.cpython-310.pyc
byte-compiling /home/robotech/aim2strike/install/aim2strike/lib/python3.10/site-packages/aim2strike/MvImport/__init__.py to __init__.cpython-310.pyc
byte-compiling /home/robotech/aim2strike/install/aim2strike/lib/python3.10/site-packages/aim2strike/MvImport/MvCameraControl_class.py to MvCameraControl_class.cpython-310.pyc
byte-compiling /home/robotech/aim2strike/install/aim2strike/lib/python3.10/site-packages/aim2strike/include/hikvision_capture.py to hikvision_capture.cpython-310.pyc
running install_data
running install_egg_info
removing '/home/robotech/aim2strike/install/aim2strike/lib/python3.10/site-packages/aim2strike-0.0.1-py3.10.egg-info' (and everything under it)
Copying ../../build/aim2strike/aim2strike.egg-info to /home/robotech/aim2strike/install/aim2strike/lib/python3.10/site-packages/aim2strike-0.0.1-py3.10.egg-info
running install_scripts
Installing aim_node script to /home/robotech/aim2strike/install/aim2strike/lib/aim2strike
Installing camera_node script to /home/robotech/aim2strike/install/aim2strike/lib/aim2strike
Installing detect_node script to /home/robotech/aim2strike/install/aim2strike/lib/aim2strike
Installing test script to /home/robotech/aim2strike/install/aim2strike/lib/aim2strike
Installing uart_servo script to /home/robotech/aim2strike/install/aim2strike/lib/aim2strike
writing list of installed files to '/home/robotech/aim2strike/build/aim2strike/install.log'
