running egg_info
writing ../../build/aim2strike/aim2strike.egg-info/PKG-INFO
writing dependency_links to ../../build/aim2strike/aim2strike.egg-info/dependency_links.txt
writing entry points to ../../build/aim2strike/aim2strike.egg-info/entry_points.txt
writing requirements to ../../build/aim2strike/aim2strike.egg-info/requires.txt
writing top-level names to ../../build/aim2strike/aim2strike.egg-info/top_level.txt
reading manifest file '../../build/aim2strike/aim2strike.egg-info/SOURCES.txt'
adding license file 'LICENSE'
writing manifest file '../../build/aim2strike/aim2strike.egg-info/SOURCES.txt'
running build
running build_py
copying aim2strike/detect_node.py -> /home/robotech/aim2strike/build/aim2strike/build/lib/aim2strike
running install
running install_lib
copying /home/robotech/aim2strike/build/aim2strike/build/lib/aim2strike/detect_node.py -> /home/robotech/aim2strike/install/aim2strike/lib/python3.10/site-packages/aim2strike
byte-compiling /home/robotech/aim2strike/install/aim2strike/lib/python3.10/site-packages/aim2strike/detect_node.py to detect_node.cpython-310.pyc
running install_data
running install_egg_info
removing '/home/robotech/aim2strike/install/aim2strike/lib/python3.10/site-packages/aim2strike-0.0.1-py3.10.egg-info' (and everything under it)
Copying ../../build/aim2strike/aim2strike.egg-info to /home/robotech/aim2strike/install/aim2strike/lib/python3.10/site-packages/aim2strike-0.0.1-py3.10.egg-info
running install_scripts
Installing camera_node script to /home/robotech/aim2strike/install/aim2strike/lib/aim2strike
Installing detect_node script to /home/robotech/aim2strike/install/aim2strike/lib/aim2strike
writing list of installed files to '/home/robotech/aim2strike/build/aim2strike/install.log'
