[0.187s] DEBUG:colcon:Command line arguments: ['/usr/bin/colcon', 'build']
[0.187s] DEBUG:colcon:Parsed command line arguments: Namespace(log_base=None, log_level=None, verb_name='build', build_base='build', install_base='install', merge_install=False, symlink_install=False, test_result_base=None, continue_on_error=False, executor='parallel', parallel_workers=2, event_handlers=None, ignore_user_meta=False, metas=['./colcon.meta'], base_paths=['.'], packages_ignore=None, packages_ignore_regex=None, paths=None, packages_up_to=None, packages_up_to_regex=None, packages_above=None, packages_above_and_dependencies=None, packages_above_depth=None, packages_select_by_dep=None, packages_skip_by_dep=None, packages_skip_up_to=None, packages_select_build_failed=False, packages_skip_build_finished=False, packages_select_test_failures=False, packages_skip_test_passed=False, packages_select=None, packages_skip=None, packages_select_regex=None, packages_skip_regex=None, packages_start=None, packages_end=None, allow_overriding=[], cmake_args=None, cmake_target=None, cmake_target_skip_unavailable=False, cmake_clean_cache=False, cmake_clean_first=False, cmake_force_configure=False, ament_cmake_args=None, catkin_cmake_args=None, catkin_skip_building_tests=False, verb_parser=<colcon_defaults.argument_parser.defaults.DefaultArgumentsDecorator object at 0x7f4b3d72ae90>, verb_extension=<colcon_core.verb.build.BuildVerb object at 0x7f4b3d82ba30>, main=<bound method BuildVerb.main of <colcon_core.verb.build.BuildVerb object at 0x7f4b3d82ba30>>)
[0.479s] Level 1:colcon.colcon_core.package_discovery:discover_packages(colcon_meta) check parameters
[0.479s] Level 1:colcon.colcon_core.package_discovery:discover_packages(recursive) check parameters
[0.479s] Level 1:colcon.colcon_core.package_discovery:discover_packages(ignore) check parameters
[0.479s] Level 1:colcon.colcon_core.package_discovery:discover_packages(path) check parameters
[0.479s] Level 1:colcon.colcon_core.package_discovery:discover_packages(colcon_meta) discover
[0.479s] Level 1:colcon.colcon_core.package_discovery:discover_packages(recursive) discover
[0.479s] INFO:colcon.colcon_core.package_discovery:Crawling recursively for packages in '/home/hhl/aim2strike'
[0.480s] Level 1:colcon.colcon_core.package_identification:_identify(.) by extensions ['ignore', 'ignore_ament_install']
[0.480s] Level 1:colcon.colcon_core.package_identification:_identify(.) by extension 'ignore'
[0.480s] Level 1:colcon.colcon_core.package_identification:_identify(.) by extension 'ignore_ament_install'
[0.480s] Level 1:colcon.colcon_core.package_identification:_identify(.) by extensions ['colcon_pkg']
[0.480s] Level 1:colcon.colcon_core.package_identification:_identify(.) by extension 'colcon_pkg'
[0.480s] Level 1:colcon.colcon_core.package_identification:_identify(.) by extensions ['colcon_meta']
[0.480s] Level 1:colcon.colcon_core.package_identification:_identify(.) by extension 'colcon_meta'
[0.480s] Level 1:colcon.colcon_core.package_identification:_identify(.) by extensions ['ros']
[0.481s] Level 1:colcon.colcon_core.package_identification:_identify(.) by extension 'ros'
[0.501s] Level 1:colcon.colcon_core.package_identification:_identify(.) by extensions ['cmake', 'python']
[0.501s] Level 1:colcon.colcon_core.package_identification:_identify(.) by extension 'cmake'
[0.501s] Level 1:colcon.colcon_core.package_identification:_identify(.) by extension 'python'
[0.502s] Level 1:colcon.colcon_core.package_identification:_identify(.) by extensions ['python_setup_py']
[0.502s] Level 1:colcon.colcon_core.package_identification:_identify(.) by extension 'python_setup_py'
[0.502s] Level 1:colcon.colcon_core.package_identification:_identify(Python SDK) by extensions ['ignore', 'ignore_ament_install']
[0.502s] Level 1:colcon.colcon_core.package_identification:_identify(Python SDK) by extension 'ignore'
[0.502s] Level 1:colcon.colcon_core.package_identification:_identify(Python SDK) by extension 'ignore_ament_install'
[0.503s] Level 1:colcon.colcon_core.package_identification:_identify(Python SDK) by extensions ['colcon_pkg']
[0.503s] Level 1:colcon.colcon_core.package_identification:_identify(Python SDK) by extension 'colcon_pkg'
[0.503s] Level 1:colcon.colcon_core.package_identification:_identify(Python SDK) by extensions ['colcon_meta']
[0.503s] Level 1:colcon.colcon_core.package_identification:_identify(Python SDK) by extension 'colcon_meta'
[0.503s] Level 1:colcon.colcon_core.package_identification:_identify(Python SDK) by extensions ['ros']
[0.504s] Level 1:colcon.colcon_core.package_identification:_identify(Python SDK) by extension 'ros'
[0.504s] Level 1:colcon.colcon_core.package_identification:_identify(Python SDK) by extensions ['cmake', 'python']
[0.504s] Level 1:colcon.colcon_core.package_identification:_identify(Python SDK) by extension 'cmake'
[0.504s] Level 1:colcon.colcon_core.package_identification:_identify(Python SDK) by extension 'python'
[0.504s] Level 1:colcon.colcon_core.package_identification:_identify(Python SDK) by extensions ['python_setup_py']
[0.504s] Level 1:colcon.colcon_core.package_identification:_identify(Python SDK) by extension 'python_setup_py'
[0.504s] Level 1:colcon.colcon_core.package_identification:_identify(Python SDK/Python SDK) by extensions ['ignore', 'ignore_ament_install']
[0.504s] Level 1:colcon.colcon_core.package_identification:_identify(Python SDK/Python SDK) by extension 'ignore'
[0.505s] Level 1:colcon.colcon_core.package_identification:_identify(Python SDK/Python SDK) by extension 'ignore_ament_install'
[0.505s] Level 1:colcon.colcon_core.package_identification:_identify(Python SDK/Python SDK) by extensions ['colcon_pkg']
[0.505s] Level 1:colcon.colcon_core.package_identification:_identify(Python SDK/Python SDK) by extension 'colcon_pkg'
[0.505s] Level 1:colcon.colcon_core.package_identification:_identify(Python SDK/Python SDK) by extensions ['colcon_meta']
[0.505s] Level 1:colcon.colcon_core.package_identification:_identify(Python SDK/Python SDK) by extension 'colcon_meta'
[0.505s] Level 1:colcon.colcon_core.package_identification:_identify(Python SDK/Python SDK) by extensions ['ros']
[0.505s] Level 1:colcon.colcon_core.package_identification:_identify(Python SDK/Python SDK) by extension 'ros'
[0.505s] Level 1:colcon.colcon_core.package_identification:_identify(Python SDK/Python SDK) by extensions ['cmake', 'python']
[0.505s] Level 1:colcon.colcon_core.package_identification:_identify(Python SDK/Python SDK) by extension 'cmake'
[0.505s] Level 1:colcon.colcon_core.package_identification:_identify(Python SDK/Python SDK) by extension 'python'
[0.505s] Level 1:colcon.colcon_core.package_identification:_identify(Python SDK/Python SDK) by extensions ['python_setup_py']
[0.505s] Level 1:colcon.colcon_core.package_identification:_identify(Python SDK/Python SDK) by extension 'python_setup_py'
[0.506s] Level 1:colcon.colcon_core.package_identification:_identify(Python SDK/Python SDK/src) by extensions ['ignore', 'ignore_ament_install']
[0.506s] Level 1:colcon.colcon_core.package_identification:_identify(Python SDK/Python SDK/src) by extension 'ignore'
[0.506s] Level 1:colcon.colcon_core.package_identification:_identify(Python SDK/Python SDK/src) by extension 'ignore_ament_install'
[0.506s] Level 1:colcon.colcon_core.package_identification:_identify(Python SDK/Python SDK/src) by extensions ['colcon_pkg']
[0.506s] Level 1:colcon.colcon_core.package_identification:_identify(Python SDK/Python SDK/src) by extension 'colcon_pkg'
[0.506s] Level 1:colcon.colcon_core.package_identification:_identify(Python SDK/Python SDK/src) by extensions ['colcon_meta']
[0.506s] Level 1:colcon.colcon_core.package_identification:_identify(Python SDK/Python SDK/src) by extension 'colcon_meta'
[0.506s] Level 1:colcon.colcon_core.package_identification:_identify(Python SDK/Python SDK/src) by extensions ['ros']
[0.506s] Level 1:colcon.colcon_core.package_identification:_identify(Python SDK/Python SDK/src) by extension 'ros'
[0.506s] Level 1:colcon.colcon_core.package_identification:_identify(Python SDK/Python SDK/src) by extensions ['cmake', 'python']
[0.506s] Level 1:colcon.colcon_core.package_identification:_identify(Python SDK/Python SDK/src) by extension 'cmake'
[0.506s] Level 1:colcon.colcon_core.package_identification:_identify(Python SDK/Python SDK/src) by extension 'python'
[0.506s] Level 1:colcon.colcon_core.package_identification:_identify(Python SDK/Python SDK/src) by extensions ['python_setup_py']
[0.507s] Level 1:colcon.colcon_core.package_identification:_identify(Python SDK/Python SDK/src) by extension 'python_setup_py'
[0.507s] Level 1:colcon.colcon_core.package_identification:_identify(Python SDK/Python SDK/src/__pycache__) by extensions ['ignore', 'ignore_ament_install']
[0.507s] Level 1:colcon.colcon_core.package_identification:_identify(Python SDK/Python SDK/src/__pycache__) by extension 'ignore'
[0.507s] Level 1:colcon.colcon_core.package_identification:_identify(Python SDK/Python SDK/src/__pycache__) by extension 'ignore_ament_install'
[0.507s] Level 1:colcon.colcon_core.package_identification:_identify(Python SDK/Python SDK/src/__pycache__) by extensions ['colcon_pkg']
[0.507s] Level 1:colcon.colcon_core.package_identification:_identify(Python SDK/Python SDK/src/__pycache__) by extension 'colcon_pkg'
[0.507s] Level 1:colcon.colcon_core.package_identification:_identify(Python SDK/Python SDK/src/__pycache__) by extensions ['colcon_meta']
[0.507s] Level 1:colcon.colcon_core.package_identification:_identify(Python SDK/Python SDK/src/__pycache__) by extension 'colcon_meta'
[0.507s] Level 1:colcon.colcon_core.package_identification:_identify(Python SDK/Python SDK/src/__pycache__) by extensions ['ros']
[0.507s] Level 1:colcon.colcon_core.package_identification:_identify(Python SDK/Python SDK/src/__pycache__) by extension 'ros'
[0.507s] Level 1:colcon.colcon_core.package_identification:_identify(Python SDK/Python SDK/src/__pycache__) by extensions ['cmake', 'python']
[0.508s] Level 1:colcon.colcon_core.package_identification:_identify(Python SDK/Python SDK/src/__pycache__) by extension 'cmake'
[0.508s] Level 1:colcon.colcon_core.package_identification:_identify(Python SDK/Python SDK/src/__pycache__) by extension 'python'
[0.508s] Level 1:colcon.colcon_core.package_identification:_identify(Python SDK/Python SDK/src/__pycache__) by extensions ['python_setup_py']
[0.508s] Level 1:colcon.colcon_core.package_identification:_identify(Python SDK/Python SDK/src/__pycache__) by extension 'python_setup_py'
[0.508s] Level 1:colcon.colcon_core.package_identification:_identify(build) by extensions ['ignore', 'ignore_ament_install']
[0.508s] Level 1:colcon.colcon_core.package_identification:_identify(build) by extension 'ignore'
[0.509s] Level 1:colcon.colcon_core.package_identification:_identify(build) ignored
[0.509s] Level 1:colcon.colcon_core.package_identification:_identify(install) by extensions ['ignore', 'ignore_ament_install']
[0.509s] Level 1:colcon.colcon_core.package_identification:_identify(install) by extension 'ignore'
[0.510s] Level 1:colcon.colcon_core.package_identification:_identify(install) ignored
[0.510s] Level 1:colcon.colcon_core.package_identification:_identify(log) by extensions ['ignore', 'ignore_ament_install']
[0.510s] Level 1:colcon.colcon_core.package_identification:_identify(log) by extension 'ignore'
[0.510s] Level 1:colcon.colcon_core.package_identification:_identify(log) ignored
[0.510s] Level 1:colcon.colcon_core.package_identification:_identify(src) by extensions ['ignore', 'ignore_ament_install']
[0.511s] Level 1:colcon.colcon_core.package_identification:_identify(src) by extension 'ignore'
[0.511s] Level 1:colcon.colcon_core.package_identification:_identify(src) by extension 'ignore_ament_install'
[0.511s] Level 1:colcon.colcon_core.package_identification:_identify(src) by extensions ['colcon_pkg']
[0.511s] Level 1:colcon.colcon_core.package_identification:_identify(src) by extension 'colcon_pkg'
[0.511s] Level 1:colcon.colcon_core.package_identification:_identify(src) by extensions ['colcon_meta']
[0.511s] Level 1:colcon.colcon_core.package_identification:_identify(src) by extension 'colcon_meta'
[0.511s] Level 1:colcon.colcon_core.package_identification:_identify(src) by extensions ['ros']
[0.511s] Level 1:colcon.colcon_core.package_identification:_identify(src) by extension 'ros'
[0.511s] Level 1:colcon.colcon_core.package_identification:_identify(src) by extensions ['cmake', 'python']
[0.511s] Level 1:colcon.colcon_core.package_identification:_identify(src) by extension 'cmake'
[0.511s] Level 1:colcon.colcon_core.package_identification:_identify(src) by extension 'python'
[0.512s] Level 1:colcon.colcon_core.package_identification:_identify(src) by extensions ['python_setup_py']
[0.512s] Level 1:colcon.colcon_core.package_identification:_identify(src) by extension 'python_setup_py'
[0.512s] Level 1:colcon.colcon_core.package_identification:_identify(src/aim2strike) by extensions ['ignore', 'ignore_ament_install']
[0.512s] Level 1:colcon.colcon_core.package_identification:_identify(src/aim2strike) by extension 'ignore'
[0.512s] Level 1:colcon.colcon_core.package_identification:_identify(src/aim2strike) by extension 'ignore_ament_install'
[0.512s] Level 1:colcon.colcon_core.package_identification:_identify(src/aim2strike) by extensions ['colcon_pkg']
[0.512s] Level 1:colcon.colcon_core.package_identification:_identify(src/aim2strike) by extension 'colcon_pkg'
[0.512s] Level 1:colcon.colcon_core.package_identification:_identify(src/aim2strike) by extensions ['colcon_meta']
[0.512s] Level 1:colcon.colcon_core.package_identification:_identify(src/aim2strike) by extension 'colcon_meta'
[0.512s] Level 1:colcon.colcon_core.package_identification:_identify(src/aim2strike) by extensions ['ros']
[0.512s] Level 1:colcon.colcon_core.package_identification:_identify(src/aim2strike) by extension 'ros'
[0.516s] DEBUG:colcon.colcon_core.package_identification:Package 'src/aim2strike' with type 'ros.ament_python' and name 'aim2strike'
[0.516s] Level 1:colcon.colcon_core.package_discovery:discover_packages(recursive) using defaults
[0.517s] Level 1:colcon.colcon_core.package_discovery:discover_packages(ignore) discover
[0.517s] Level 1:colcon.colcon_core.package_discovery:discover_packages(ignore) using defaults
[0.517s] Level 1:colcon.colcon_core.package_discovery:discover_packages(path) discover
[0.517s] Level 1:colcon.colcon_core.package_discovery:discover_packages(path) using defaults
[0.551s] Level 1:colcon.colcon_core.package_discovery:discover_packages(prefix_path) check parameters
[0.551s] Level 1:colcon.colcon_core.package_discovery:discover_packages(prefix_path) discover
[0.554s] DEBUG:colcon.colcon_installed_package_information.package_discovery:Found 1 installed packages in /home/hhl/aim2strike/install
[0.557s] DEBUG:colcon.colcon_installed_package_information.package_discovery:Found 280 installed packages in /opt/ros/humble
[0.576s] Level 1:colcon.colcon_core.package_discovery:discover_packages(prefix_path) using defaults
[0.647s] Level 5:colcon.colcon_core.verb:set package 'aim2strike' build argument 'cmake_args' from command line to 'None'
[0.647s] Level 5:colcon.colcon_core.verb:set package 'aim2strike' build argument 'cmake_target' from command line to 'None'
[0.647s] Level 5:colcon.colcon_core.verb:set package 'aim2strike' build argument 'cmake_target_skip_unavailable' from command line to 'False'
[0.648s] Level 5:colcon.colcon_core.verb:set package 'aim2strike' build argument 'cmake_clean_cache' from command line to 'False'
[0.648s] Level 5:colcon.colcon_core.verb:set package 'aim2strike' build argument 'cmake_clean_first' from command line to 'False'
[0.648s] Level 5:colcon.colcon_core.verb:set package 'aim2strike' build argument 'cmake_force_configure' from command line to 'False'
[0.648s] Level 5:colcon.colcon_core.verb:set package 'aim2strike' build argument 'ament_cmake_args' from command line to 'None'
[0.648s] Level 5:colcon.colcon_core.verb:set package 'aim2strike' build argument 'catkin_cmake_args' from command line to 'None'
[0.648s] Level 5:colcon.colcon_core.verb:set package 'aim2strike' build argument 'catkin_skip_building_tests' from command line to 'False'
[0.648s] DEBUG:colcon.colcon_core.verb:Building package 'aim2strike' with the following arguments: {'ament_cmake_args': None, 'build_base': '/home/hhl/aim2strike/build/aim2strike', 'catkin_cmake_args': None, 'catkin_skip_building_tests': False, 'cmake_args': None, 'cmake_clean_cache': False, 'cmake_clean_first': False, 'cmake_force_configure': False, 'cmake_target': None, 'cmake_target_skip_unavailable': False, 'install_base': '/home/hhl/aim2strike/install/aim2strike', 'merge_install': False, 'path': '/home/hhl/aim2strike/src/aim2strike', 'symlink_install': False, 'test_result_base': None}
[0.648s] INFO:colcon.colcon_core.executor:Executing jobs using 'parallel' executor
[0.652s] DEBUG:colcon.colcon_parallel_executor.executor.parallel:run_until_complete
[0.653s] INFO:colcon.colcon_ros.task.ament_python.build:Building ROS package in '/home/hhl/aim2strike/src/aim2strike' with build type 'ament_python'
[0.653s] Level 1:colcon.colcon_core.shell:create_environment_hook('aim2strike', 'ament_prefix_path')
[0.658s] INFO:colcon.colcon_core.plugin_system:Skipping extension 'colcon_core.shell.bat': Not used on non-Windows systems
[0.660s] INFO:colcon.colcon_core.shell:Creating environment hook '/home/hhl/aim2strike/install/aim2strike/share/aim2strike/hook/ament_prefix_path.ps1'
[0.661s] INFO:colcon.colcon_core.shell:Creating environment descriptor '/home/hhl/aim2strike/install/aim2strike/share/aim2strike/hook/ament_prefix_path.dsv'
[0.664s] INFO:colcon.colcon_core.shell:Creating environment hook '/home/hhl/aim2strike/install/aim2strike/share/aim2strike/hook/ament_prefix_path.sh'
[0.666s] INFO:colcon.colcon_core.shell:Skip shell extension 'powershell' for command environment: Not usable outside of PowerShell
[0.666s] DEBUG:colcon.colcon_core.shell:Skip shell extension 'dsv' for command environment
[1.285s] INFO:colcon.colcon_core.task.python.build:Building Python package in '/home/hhl/aim2strike/src/aim2strike'
[1.286s] INFO:colcon.colcon_core.shell:Skip shell extension 'powershell' for command environment: Not usable outside of PowerShell
[1.286s] DEBUG:colcon.colcon_core.shell:Skip shell extension 'dsv' for command environment
[1.948s] DEBUG:colcon.colcon_core.event_handler.log_command:Invoking command in '/home/hhl/aim2strike/src/aim2strike': PYTHONPATH=/home/hhl/aim2strike/build/aim2strike/prefix_override:/usr/lib/python3/dist-packages/colcon_core/task/python/colcon_distutils_commands:/home/hhl/aim2strike/install/aim2strike/lib/python3.10/site-packages:${PYTHONPATH} /usr/bin/python3 -W ignore:setup.py install is deprecated setup.py egg_info --egg-base ../../build/aim2strike build --build-base /home/hhl/aim2strike/build/aim2strike/build install --record /home/hhl/aim2strike/build/aim2strike/install.log --single-version-externally-managed install_data
[2.626s] DEBUG:colcon.colcon_core.event_handler.log_command:Invoked command in '/home/hhl/aim2strike/src/aim2strike' returned '0': PYTHONPATH=/home/hhl/aim2strike/build/aim2strike/prefix_override:/usr/lib/python3/dist-packages/colcon_core/task/python/colcon_distutils_commands:/home/hhl/aim2strike/install/aim2strike/lib/python3.10/site-packages:${PYTHONPATH} /usr/bin/python3 -W ignore:setup.py install is deprecated setup.py egg_info --egg-base ../../build/aim2strike build --build-base /home/hhl/aim2strike/build/aim2strike/build install --record /home/hhl/aim2strike/build/aim2strike/install.log --single-version-externally-managed install_data
[2.631s] Level 1:colcon.colcon_core.environment:checking '/home/hhl/aim2strike/install/aim2strike' for CMake module files
[2.632s] Level 1:colcon.colcon_core.environment:checking '/home/hhl/aim2strike/install/aim2strike' for CMake config files
[2.634s] Level 1:colcon.colcon_core.environment:checking '/home/hhl/aim2strike/install/aim2strike/lib'
[2.634s] Level 1:colcon.colcon_core.environment:checking '/home/hhl/aim2strike/install/aim2strike/bin'
[2.634s] Level 1:colcon.colcon_core.environment:checking '/home/hhl/aim2strike/install/aim2strike/lib/pkgconfig/aim2strike.pc'
[2.635s] Level 1:colcon.colcon_core.environment:checking '/home/hhl/aim2strike/install/aim2strike/lib/python3.10/site-packages'
[2.635s] Level 1:colcon.colcon_core.shell:create_environment_hook('aim2strike', 'pythonpath')
[2.636s] INFO:colcon.colcon_core.shell:Creating environment hook '/home/hhl/aim2strike/install/aim2strike/share/aim2strike/hook/pythonpath.ps1'
[2.637s] INFO:colcon.colcon_core.shell:Creating environment descriptor '/home/hhl/aim2strike/install/aim2strike/share/aim2strike/hook/pythonpath.dsv'
[2.638s] INFO:colcon.colcon_core.shell:Creating environment hook '/home/hhl/aim2strike/install/aim2strike/share/aim2strike/hook/pythonpath.sh'
[2.640s] Level 1:colcon.colcon_core.environment:checking '/home/hhl/aim2strike/install/aim2strike/bin'
[2.640s] Level 1:colcon.colcon_core.environment:create_environment_scripts_only(aim2strike)
[2.641s] INFO:colcon.colcon_core.shell:Creating package script '/home/hhl/aim2strike/install/aim2strike/share/aim2strike/package.ps1'
[2.643s] INFO:colcon.colcon_core.shell:Creating package descriptor '/home/hhl/aim2strike/install/aim2strike/share/aim2strike/package.dsv'
[2.644s] INFO:colcon.colcon_core.shell:Creating package script '/home/hhl/aim2strike/install/aim2strike/share/aim2strike/package.sh'
[2.646s] INFO:colcon.colcon_core.shell:Creating package script '/home/hhl/aim2strike/install/aim2strike/share/aim2strike/package.bash'
[2.648s] INFO:colcon.colcon_core.shell:Creating package script '/home/hhl/aim2strike/install/aim2strike/share/aim2strike/package.zsh'
[2.650s] Level 1:colcon.colcon_core.environment:create_file_with_runtime_dependencies(/home/hhl/aim2strike/install/aim2strike/share/colcon-core/packages/aim2strike)
[2.652s] DEBUG:colcon.colcon_parallel_executor.executor.parallel:closing loop
[2.652s] DEBUG:colcon.colcon_parallel_executor.executor.parallel:loop closed
[2.652s] DEBUG:colcon.colcon_parallel_executor.executor.parallel:run_until_complete finished with '0'
[2.653s] DEBUG:colcon.colcon_core.event_reactor:joining thread
[2.670s] INFO:colcon.colcon_core.plugin_system:Skipping extension 'colcon_notification.desktop_notification.terminal_notifier': Not used on non-Darwin systems
[2.670s] INFO:colcon.colcon_core.plugin_system:Skipping extension 'colcon_notification.desktop_notification.win32': Not used on non-Windows systems
[2.670s] INFO:colcon.colcon_notification.desktop_notification:Sending desktop notification using 'notify2'
[2.706s] DEBUG:colcon.colcon_core.event_reactor:joined thread
[2.707s] INFO:colcon.colcon_core.shell:Creating prefix script '/home/hhl/aim2strike/install/local_setup.ps1'
[2.710s] INFO:colcon.colcon_core.shell:Creating prefix util module '/home/hhl/aim2strike/install/_local_setup_util_ps1.py'
[2.715s] INFO:colcon.colcon_core.shell:Creating prefix chain script '/home/hhl/aim2strike/install/setup.ps1'
[2.719s] INFO:colcon.colcon_core.shell:Creating prefix script '/home/hhl/aim2strike/install/local_setup.sh'
[2.721s] INFO:colcon.colcon_core.shell:Creating prefix util module '/home/hhl/aim2strike/install/_local_setup_util_sh.py'
[2.724s] INFO:colcon.colcon_core.shell:Creating prefix chain script '/home/hhl/aim2strike/install/setup.sh'
[2.727s] INFO:colcon.colcon_core.shell:Creating prefix script '/home/hhl/aim2strike/install/local_setup.bash'
[2.730s] INFO:colcon.colcon_core.shell:Creating prefix chain script '/home/hhl/aim2strike/install/setup.bash'
[2.733s] INFO:colcon.colcon_core.shell:Creating prefix script '/home/hhl/aim2strike/install/local_setup.zsh'
[2.734s] INFO:colcon.colcon_core.shell:Creating prefix chain script '/home/hhl/aim2strike/install/setup.zsh'
