[0.377s] Invoking command in '/home/robotech/aim2strike/src/aim2strike': PYTHONPATH=/home/robotech/aim2strike/build/aim2strike/prefix_override:/usr/lib/python3/dist-packages/colcon_core/task/python/colcon_distutils_commands:/home/robotech/aim2strike/install/aim2strike/lib/python3.10/site-packages:${PYTHONPATH} /usr/bin/python3 -W ignore:setup.py install is deprecated -W ignore:easy_install command is deprecated setup.py egg_info --egg-base ../../build/aim2strike build --build-base /home/robotech/aim2strike/build/aim2strike/build install --record /home/robotech/aim2strike/build/aim2strike/install.log --single-version-externally-managed install_data
[0.531s] running egg_info
[0.531s] writing ../../build/aim2strike/aim2strike.egg-info/PKG-INFO
[0.531s] writing dependency_links to ../../build/aim2strike/aim2strike.egg-info/dependency_links.txt
[0.532s] writing entry points to ../../build/aim2strike/aim2strike.egg-info/entry_points.txt
[0.532s] writing requirements to ../../build/aim2strike/aim2strike.egg-info/requires.txt
[0.532s] writing top-level names to ../../build/aim2strike/aim2strike.egg-info/top_level.txt
[0.533s] reading manifest file '../../build/aim2strike/aim2strike.egg-info/SOURCES.txt'
[0.533s] adding license file 'LICENSE'
[0.534s] writing manifest file '../../build/aim2strike/aim2strike.egg-info/SOURCES.txt'
[0.534s] running build
[0.534s] running build_py
[0.534s] copying aim2strike/camera_node.py -> /home/robotech/aim2strike/build/aim2strike/build/lib/aim2strike
[0.534s] copying aim2strike/MvImport/PixelType_header.py -> /home/robotech/aim2strike/build/aim2strike/build/lib/aim2strike/MvImport
[0.534s] copying aim2strike/MvImport/CameraParams_header.py -> /home/robotech/aim2strike/build/aim2strike/build/lib/aim2strike/MvImport
[0.535s] copying aim2strike/MvImport/MvCameraControl_class.py -> /home/robotech/aim2strike/build/aim2strike/build/lib/aim2strike/MvImport
[0.535s] running install
[0.535s] running install_lib
[0.536s] copying /home/robotech/aim2strike/build/aim2strike/build/lib/aim2strike/MvImport/PixelType_header.py -> /home/robotech/aim2strike/install/aim2strike/lib/python3.10/site-packages/aim2strike/MvImport
[0.536s] copying /home/robotech/aim2strike/build/aim2strike/build/lib/aim2strike/MvImport/CameraParams_header.py -> /home/robotech/aim2strike/install/aim2strike/lib/python3.10/site-packages/aim2strike/MvImport
[0.536s] copying /home/robotech/aim2strike/build/aim2strike/build/lib/aim2strike/MvImport/MvCameraControl_class.py -> /home/robotech/aim2strike/install/aim2strike/lib/python3.10/site-packages/aim2strike/MvImport
[0.536s] copying /home/robotech/aim2strike/build/aim2strike/build/lib/aim2strike/camera_node.py -> /home/robotech/aim2strike/install/aim2strike/lib/python3.10/site-packages/aim2strike
[0.537s] byte-compiling /home/robotech/aim2strike/install/aim2strike/lib/python3.10/site-packages/aim2strike/MvImport/PixelType_header.py to PixelType_header.cpython-310.pyc
[0.538s] byte-compiling /home/robotech/aim2strike/install/aim2strike/lib/python3.10/site-packages/aim2strike/MvImport/CameraParams_header.py to CameraParams_header.cpython-310.pyc
[0.542s] byte-compiling /home/robotech/aim2strike/install/aim2strike/lib/python3.10/site-packages/aim2strike/MvImport/MvCameraControl_class.py to MvCameraControl_class.cpython-310.pyc
[0.546s] byte-compiling /home/robotech/aim2strike/install/aim2strike/lib/python3.10/site-packages/aim2strike/camera_node.py to camera_node.cpython-310.pyc
[0.547s] running install_data
[0.547s] running install_egg_info
[0.548s] removing '/home/robotech/aim2strike/install/aim2strike/lib/python3.10/site-packages/aim2strike-0.0.1-py3.10.egg-info' (and everything under it)
[0.548s] Copying ../../build/aim2strike/aim2strike.egg-info to /home/robotech/aim2strike/install/aim2strike/lib/python3.10/site-packages/aim2strike-0.0.1-py3.10.egg-info
[0.549s] running install_scripts
[0.562s] Installing aim_node script to /home/robotech/aim2strike/install/aim2strike/lib/aim2strike
[0.562s] Installing camera_node script to /home/robotech/aim2strike/install/aim2strike/lib/aim2strike
[0.562s] Installing detect_node script to /home/robotech/aim2strike/install/aim2strike/lib/aim2strike
[0.562s] Installing test script to /home/robotech/aim2strike/install/aim2strike/lib/aim2strike
[0.562s] Installing uart_servo script to /home/robotech/aim2strike/install/aim2strike/lib/aim2strike
[0.562s] writing list of installed files to '/home/robotech/aim2strike/build/aim2strike/install.log'
[0.576s] Invoked command in '/home/robotech/aim2strike/src/aim2strike' returned '0': PYTHONPATH=/home/robotech/aim2strike/build/aim2strike/prefix_override:/usr/lib/python3/dist-packages/colcon_core/task/python/colcon_distutils_commands:/home/robotech/aim2strike/install/aim2strike/lib/python3.10/site-packages:${PYTHONPATH} /usr/bin/python3 -W ignore:setup.py install is deprecated -W ignore:easy_install command is deprecated setup.py egg_info --egg-base ../../build/aim2strike build --build-base /home/robotech/aim2strike/build/aim2strike/build install --record /home/robotech/aim2strike/build/aim2strike/install.log --single-version-externally-managed install_data
