[0.364s] Invoking command in '/home/robotech/aim2strike/src/aim2strike': PYTHONPATH=/home/robotech/aim2strike/build/aim2strike/prefix_override:/usr/lib/python3/dist-packages/colcon_core/task/python/colcon_distutils_commands:/home/robotech/aim2strike/install/aim2strike/lib/python3.10/site-packages:${PYTHONPATH} /usr/bin/python3 -W ignore:setup.py install is deprecated -W ignore:easy_install command is deprecated setup.py egg_info --egg-base ../../build/aim2strike build --build-base /home/robotech/aim2strike/build/aim2strike/build install --record /home/robotech/aim2strike/build/aim2strike/install.log --single-version-externally-managed install_data
[0.508s] running egg_info
[0.508s] writing ../../build/aim2strike/aim2strike.egg-info/PKG-INFO
[0.508s] writing dependency_links to ../../build/aim2strike/aim2strike.egg-info/dependency_links.txt
[0.508s] writing entry points to ../../build/aim2strike/aim2strike.egg-info/entry_points.txt
[0.508s] writing requirements to ../../build/aim2strike/aim2strike.egg-info/requires.txt
[0.508s] writing top-level names to ../../build/aim2strike/aim2strike.egg-info/top_level.txt
[0.513s] reading manifest file '../../build/aim2strike/aim2strike.egg-info/SOURCES.txt'
[0.513s] adding license file 'LICENSE'
[0.513s] writing manifest file '../../build/aim2strike/aim2strike.egg-info/SOURCES.txt'
[0.513s] running build
[0.513s] running build_py
[0.513s] copying aim2strike/aim_node.py -> /home/robotech/aim2strike/build/aim2strike/build/lib/aim2strike
[0.513s] running install
[0.513s] running install_lib
[0.513s] copying /home/robotech/aim2strike/build/aim2strike/build/lib/aim2strike/aim_node.py -> /home/robotech/aim2strike/install/aim2strike/lib/python3.10/site-packages/aim2strike
[0.513s] byte-compiling /home/robotech/aim2strike/install/aim2strike/lib/python3.10/site-packages/aim2strike/aim_node.py to aim_node.cpython-310.pyc
[0.517s] running install_data
[0.517s] error: can't copy 'include/data_table.py': doesn't exist or not a regular file
[0.529s] Invoked command in '/home/robotech/aim2strike/src/aim2strike' returned '1': PYTHONPATH=/home/robotech/aim2strike/build/aim2strike/prefix_override:/usr/lib/python3/dist-packages/colcon_core/task/python/colcon_distutils_commands:/home/robotech/aim2strike/install/aim2strike/lib/python3.10/site-packages:${PYTHONPATH} /usr/bin/python3 -W ignore:setup.py install is deprecated -W ignore:easy_install command is deprecated setup.py egg_info --egg-base ../../build/aim2strike build --build-base /home/robotech/aim2strike/build/aim2strike/build install --record /home/robotech/aim2strike/build/aim2strike/install.log --single-version-externally-managed install_data
