[1.298s] Invoking command in '/home/hhl/aim2strike/src/aim2strike': PYTHONPATH=/home/hhl/aim2strike/build/aim2strike/prefix_override:/usr/lib/python3/dist-packages/colcon_core/task/python/colcon_distutils_commands:/home/hhl/aim2strike/install/aim2strike/lib/python3.10/site-packages:${PYTHONPATH} /usr/bin/python3 -W ignore:setup.py install is deprecated setup.py egg_info --egg-base ../../build/aim2strike build --build-base /home/hhl/aim2strike/build/aim2strike/build install --record /home/hhl/aim2strike/build/aim2strike/install.log --single-version-externally-managed install_data
[1.769s] running egg_info
[1.771s] writing ../../build/aim2strike/aim2strike.egg-info/PKG-INFO
[1.772s] writing dependency_links to ../../build/aim2strike/aim2strike.egg-info/dependency_links.txt
[1.773s] writing entry points to ../../build/aim2strike/aim2strike.egg-info/entry_points.txt
[1.774s] writing requirements to ../../build/aim2strike/aim2strike.egg-info/requires.txt
[1.774s] writing top-level names to ../../build/aim2strike/aim2strike.egg-info/top_level.txt
[1.778s] reading manifest file '../../build/aim2strike/aim2strike.egg-info/SOURCES.txt'
[1.778s] adding license file 'LICENSE'
[1.781s] writing manifest file '../../build/aim2strike/aim2strike.egg-info/SOURCES.txt'
[1.781s] running build
[1.782s] running build_py
[1.785s] copying aim2strike/aim_node.py -> /home/hhl/aim2strike/build/aim2strike/build/lib/aim2strike
[1.785s] running install
[1.785s] running install_lib
[1.786s] copying /home/hhl/aim2strike/build/aim2strike/build/lib/aim2strike/aim_node.py -> /home/hhl/aim2strike/install/aim2strike/lib/python3.10/site-packages/aim2strike
[1.787s] byte-compiling /home/hhl/aim2strike/install/aim2strike/lib/python3.10/site-packages/aim2strike/aim_node.py to aim_node.cpython-310.pyc
[1.790s] running install_data
[1.790s] running install_egg_info
[1.793s] removing '/home/hhl/aim2strike/install/aim2strike/lib/python3.10/site-packages/aim2strike-0.0.1-py3.10.egg-info' (and everything under it)
[1.796s] Copying ../../build/aim2strike/aim2strike.egg-info to /home/hhl/aim2strike/install/aim2strike/lib/python3.10/site-packages/aim2strike-0.0.1-py3.10.egg-info
[1.799s] running install_scripts
[1.842s] Installing aim_node script to /home/hhl/aim2strike/install/aim2strike/lib/aim2strike
[1.842s] Installing camera_node script to /home/hhl/aim2strike/install/aim2strike/lib/aim2strike
[1.844s] Installing detect_node script to /home/hhl/aim2strike/install/aim2strike/lib/aim2strike
[1.844s] Installing uart_servo script to /home/hhl/aim2strike/install/aim2strike/lib/aim2strike
[1.844s] writing list of installed files to '/home/hhl/aim2strike/build/aim2strike/install.log'
[1.890s] Invoked command in '/home/hhl/aim2strike/src/aim2strike' returned '0': PYTHONPATH=/home/hhl/aim2strike/build/aim2strike/prefix_override:/usr/lib/python3/dist-packages/colcon_core/task/python/colcon_distutils_commands:/home/hhl/aim2strike/install/aim2strike/lib/python3.10/site-packages:${PYTHONPATH} /usr/bin/python3 -W ignore:setup.py install is deprecated setup.py egg_info --egg-base ../../build/aim2strike build --build-base /home/hhl/aim2strike/build/aim2strike/build install --record /home/hhl/aim2strike/build/aim2strike/install.log --single-version-externally-managed install_data
