running egg_info
creating ../../build/aim2strike/aim2strike.egg-info
writing ../../build/aim2strike/aim2strike.egg-info/PKG-INFO
writing dependency_links to ../../build/aim2strike/aim2strike.egg-info/dependency_links.txt
writing entry points to ../../build/aim2strike/aim2strike.egg-info/entry_points.txt
writing requirements to ../../build/aim2strike/aim2strike.egg-info/requires.txt
writing top-level names to ../../build/aim2strike/aim2strike.egg-info/top_level.txt
writing manifest file '../../build/aim2strike/aim2strike.egg-info/SOURCES.txt'
reading manifest file '../../build/aim2strike/aim2strike.egg-info/SOURCES.txt'
adding license file 'LICENSE'
writing manifest file '../../build/aim2strike/aim2strike.egg-info/SOURCES.txt'
running build
running build_py
creating /home/robotech/aim2strike/build/aim2strike/build
creating /home/robotech/aim2strike/build/aim2strike/build/lib
creating /home/robotech/aim2strike/build/aim2strike/build/lib/aim2strike
copying aim2strike/camera_node.py -> /home/robotech/aim2strike/build/aim2strike/build/lib/aim2strike
copying aim2strike/__init__.py -> /home/robotech/aim2strike/build/aim2strike/build/lib/aim2strike
running install
running install_lib
creating /home/robotech/aim2strike/install/aim2strike/lib/python3.10/site-packages/aim2strike
copying /home/robotech/aim2strike/build/aim2strike/build/lib/aim2strike/camera_node.py -> /home/robotech/aim2strike/install/aim2strike/lib/python3.10/site-packages/aim2strike
copying /home/robotech/aim2strike/build/aim2strike/build/lib/aim2strike/__init__.py -> /home/robotech/aim2strike/install/aim2strike/lib/python3.10/site-packages/aim2strike
byte-compiling /home/robotech/aim2strike/install/aim2strike/lib/python3.10/site-packages/aim2strike/camera_node.py to camera_node.cpython-310.pyc
byte-compiling /home/robotech/aim2strike/install/aim2strike/lib/python3.10/site-packages/aim2strike/__init__.py to __init__.cpython-310.pyc
running install_data
creating /home/robotech/aim2strike/install/aim2strike/share/aim2strike/config
copying config/camera_node.yaml -> /home/robotech/aim2strike/install/aim2strike/share/aim2strike/config
running install_egg_info
Copying ../../build/aim2strike/aim2strike.egg-info to /home/robotech/aim2strike/install/aim2strike/lib/python3.10/site-packages/aim2strike-0.0.1-py3.10.egg-info
running install_scripts
Installing camera_node script to /home/robotech/aim2strike/install/aim2strike/lib/aim2strike
writing list of installed files to '/home/robotech/aim2strike/build/aim2strike/install.log'
