[0.400s] Invoking command in '/home/robotech/aim2strike/src/aim2strike': PYTHONPATH=/home/robotech/aim2strike/build/aim2strike/prefix_override:/usr/lib/python3/dist-packages/colcon_core/task/python/colcon_distutils_commands:/home/robotech/aim2strike/install/aim2strike/lib/python3.10/site-packages:${PYTHONPATH} /usr/bin/python3 -W ignore:setup.py install is deprecated -W ignore:easy_install command is deprecated setup.py egg_info --egg-base ../../build/aim2strike build --build-base /home/robotech/aim2strike/build/aim2strike/build install --record /home/robotech/aim2strike/build/aim2strike/install.log --single-version-externally-managed install_data
[0.583s] running egg_info
[0.583s] writing ../../build/aim2strike/aim2strike.egg-info/PKG-INFO
[0.583s] writing dependency_links to ../../build/aim2strike/aim2strike.egg-info/dependency_links.txt
[0.584s] writing entry points to ../../build/aim2strike/aim2strike.egg-info/entry_points.txt
[0.584s] writing requirements to ../../build/aim2strike/aim2strike.egg-info/requires.txt
[0.584s] writing top-level names to ../../build/aim2strike/aim2strike.egg-info/top_level.txt
[0.585s] reading manifest file '../../build/aim2strike/aim2strike.egg-info/SOURCES.txt'
[0.585s] adding license file 'LICENSE'
[0.586s] writing manifest file '../../build/aim2strike/aim2strike.egg-info/SOURCES.txt'
[0.586s] running build
[0.586s] running build_py
[0.586s] running install
[0.587s] running install_lib
[0.588s] running install_data
[0.588s] running install_egg_info
[0.589s] removing '/home/robotech/aim2strike/install/aim2strike/lib/python3.10/site-packages/aim2strike-0.0.1-py3.10.egg-info' (and everything under it)
[0.589s] Copying ../../build/aim2strike/aim2strike.egg-info to /home/robotech/aim2strike/install/aim2strike/lib/python3.10/site-packages/aim2strike-0.0.1-py3.10.egg-info
[0.590s] running install_scripts
[0.605s] Installing aim_node script to /home/robotech/aim2strike/install/aim2strike/lib/aim2strike
[0.605s] Installing camera_node script to /home/robotech/aim2strike/install/aim2strike/lib/aim2strike
[0.605s] Installing detect_node script to /home/robotech/aim2strike/install/aim2strike/lib/aim2strike
[0.605s] Installing test script to /home/robotech/aim2strike/install/aim2strike/lib/aim2strike
[0.605s] Installing uart_servo script to /home/robotech/aim2strike/install/aim2strike/lib/aim2strike
[0.605s] writing list of installed files to '/home/robotech/aim2strike/build/aim2strike/install.log'
[0.624s] Invoked command in '/home/robotech/aim2strike/src/aim2strike' returned '0': PYTHONPATH=/home/robotech/aim2strike/build/aim2strike/prefix_override:/usr/lib/python3/dist-packages/colcon_core/task/python/colcon_distutils_commands:/home/robotech/aim2strike/install/aim2strike/lib/python3.10/site-packages:${PYTHONPATH} /usr/bin/python3 -W ignore:setup.py install is deprecated -W ignore:easy_install command is deprecated setup.py egg_info --egg-base ../../build/aim2strike build --build-base /home/robotech/aim2strike/build/aim2strike/build install --record /home/robotech/aim2strike/build/aim2strike/install.log --single-version-externally-managed install_data
